<?xml version="1.0" encoding="UTF-8"?>
<testsuite name="com.example.project.TestDay4" tests="4" skipped="0" failures="0" errors="0" timestamp="2024-12-18T03:27:38" hostname="codespaces-9eaac2" time="0.015">
  <properties/>
  <testcase name="testSimulateRaceLongerDuration()" classname="com.example.project.TestDay4" time="0.003"/>
  <testcase name="testSimulateSecondRunning()" classname="com.example.project.TestDay4" time="0.004"/>
  <testcase name="testReindeerCreation()" classname="com.example.project.TestDay4" time="0.002"/>
  <testcase name="testSimulateRaceWithHardcodedReindeers()" classname="com.example.project.TestDay4" time="0.001"/>
  <system-out><![CDATA[]]></system-out>
  <system-err><![CDATA[]]></system-err>
</testsuite>
